2026-04-05T18:59:54.888Z  INFO 7 --- [main] com.structurizr.server.Local             : ***********************************************************************************
2026-04-05T18:59:54.898Z  INFO 7 --- [main] com.structurizr.server.Local             :   _____ _                   _              _          
2026-04-05T18:59:54.898Z  INFO 7 --- [main] com.structurizr.server.Local             :  / ____| |                 | |            (_)         
2026-04-05T18:59:54.899Z  INFO 7 --- [main] com.structurizr.server.Local             : | (___ | |_ _ __ _   _  ___| |_ _   _ _ __ _ _____ __ 
2026-04-05T18:59:54.899Z  INFO 7 --- [main] com.structurizr.server.Local             :  \___ \| __| '__| | | |/ __| __| | | | '__| |_  / '__|
2026-04-05T18:59:54.899Z  INFO 7 --- [main] com.structurizr.server.Local             :  ____) | |_| |  | |_| | (__| |_| |_| | |  | |/ /| |   
2026-04-05T18:59:54.899Z  INFO 7 --- [main] com.structurizr.server.Local             : |_____/ \__|_|   \__,_|\___|\__|\__,_|_|  |_/___|_|   
2026-04-05T18:59:54.900Z  INFO 7 --- [main] com.structurizr.server.Local             :                                                       
2026-04-05T18:59:54.900Z  INFO 7 --- [main] com.structurizr.server.Local             : v2026.03.06
2026-04-05T18:59:54.901Z  INFO 7 --- [main] com.structurizr.server.Local             : ***********************************************************************************
2026-04-05T18:59:54.902Z  INFO 7 --- [main] com.structurizr.server.Local             :  - structurizr.authentication: none
2026-04-05T18:59:54.903Z  INFO 7 --- [main] com.structurizr.server.Local             :  - structurizr.autorefreshinterval: 0
2026-04-05T18:59:54.903Z  INFO 7 --- [main] com.structurizr.server.Local             :  - structurizr.autosaveinterval: 5000
2026-04-05T18:59:54.904Z  INFO 7 --- [main] com.structurizr.server.Local             :  - structurizr.cache: none
2026-04-05T18:59:54.904Z  INFO 7 --- [main] com.structurizr.server.Local             :  - structurizr.data: file
2026-04-05T18:59:54.904Z  INFO 7 --- [main] com.structurizr.server.Local             :  - structurizr.datadirectory: /usr/local/structurizr
2026-04-05T18:59:54.905Z  INFO 7 --- [main] com.structurizr.server.Local             :  - structurizr.debug: false
2026-04-05T18:59:54.905Z  INFO 7 --- [main] com.structurizr.server.Local             :  - structurizr.editable: true
2026-04-05T18:59:54.906Z  INFO 7 --- [main] com.structurizr.server.Local             :  - structurizr.logging.filename: /usr/local/structurizr/.structurizr/logs/structurizr.log
2026-04-05T18:59:54.906Z  INFO 7 --- [main] com.structurizr.server.Local             :  - structurizr.network.timeout: 60000
2026-04-05T18:59:54.907Z  INFO 7 --- [main] com.structurizr.server.Local             :  - structurizr.network.urls.allowed: .*
2026-04-05T18:59:54.907Z  INFO 7 --- [main] com.structurizr.server.Local             :  - structurizr.search: lucene
2026-04-05T18:59:54.907Z  INFO 7 --- [main] com.structurizr.server.Local             :  - structurizr.themes: /usr/local/structurizr/themes/
2026-04-05T18:59:54.908Z  INFO 7 --- [main] com.structurizr.server.Local             :  - structurizr.workspace.maxsize: 1MB
2026-04-05T18:59:54.908Z  INFO 7 --- [main] com.structurizr.server.Local             :  - structurizr.workspace.threads: 10
2026-04-05T18:59:54.909Z  INFO 7 --- [main] com.structurizr.server.Local             :  - structurizr.workspaces: 1
2026-04-05T18:59:54.909Z  INFO 7 --- [main] com.structurizr.server.Local             : ***********************************************************************************
2026-04-05T18:59:54.909Z  INFO 7 --- [main] com.structurizr.server.Local             : Themes:
2026-04-05T18:59:54.910Z  INFO 7 --- [main] com.structurizr.server.Local             : ***********************************************************************************
2026-04-05T19:00:55.490Z  INFO 7 --- [SpringApplicationShutdownHook] com.structurizr.server.AbstractServer    : ********************************************************
2026-04-05T19:00:55.491Z  INFO 7 --- [SpringApplicationShutdownHook] com.structurizr.server.AbstractServer    :  Stopping Structurizr
2026-04-05T19:00:55.492Z  INFO 7 --- [SpringApplicationShutdownHook] com.structurizr.server.AbstractServer    : ********************************************************
2026-04-05T19:01:48.475Z  INFO 7 --- [main] com.structurizr.server.Local             : ***********************************************************************************
2026-04-05T19:01:48.476Z  INFO 7 --- [main] com.structurizr.server.Local             :   _____ _                   _              _          
2026-04-05T19:01:48.477Z  INFO 7 --- [main] com.structurizr.server.Local             :  / ____| |                 | |            (_)         
2026-04-05T19:01:48.477Z  INFO 7 --- [main] com.structurizr.server.Local             : | (___ | |_ _ __ _   _  ___| |_ _   _ _ __ _ _____ __ 
2026-04-05T19:01:48.478Z  INFO 7 --- [main] com.structurizr.server.Local             :  \___ \| __| '__| | | |/ __| __| | | | '__| |_  / '__|
2026-04-05T19:01:48.478Z  INFO 7 --- [main] com.structurizr.server.Local             :  ____) | |_| |  | |_| | (__| |_| |_| | |  | |/ /| |   
2026-04-05T19:01:48.478Z  INFO 7 --- [main] com.structurizr.server.Local             : |_____/ \__|_|   \__,_|\___|\__|\__,_|_|  |_/___|_|   
2026-04-05T19:01:48.479Z  INFO 7 --- [main] com.structurizr.server.Local             :                                                       
2026-04-05T19:01:48.479Z  INFO 7 --- [main] com.structurizr.server.Local             : v2026.03.06
2026-04-05T19:01:48.479Z  INFO 7 --- [main] com.structurizr.server.Local             : ***********************************************************************************
2026-04-05T19:01:48.480Z  INFO 7 --- [main] com.structurizr.server.Local             :  - structurizr.authentication: none
2026-04-05T19:01:48.480Z  INFO 7 --- [main] com.structurizr.server.Local             :  - structurizr.autorefreshinterval: 0
2026-04-05T19:01:48.480Z  INFO 7 --- [main] com.structurizr.server.Local             :  - structurizr.autosaveinterval: 5000
2026-04-05T19:01:48.481Z  INFO 7 --- [main] com.structurizr.server.Local             :  - structurizr.cache: none
2026-04-05T19:01:48.481Z  INFO 7 --- [main] com.structurizr.server.Local             :  - structurizr.data: file
2026-04-05T19:01:48.481Z  INFO 7 --- [main] com.structurizr.server.Local             :  - structurizr.datadirectory: /usr/local/structurizr
2026-04-05T19:01:48.481Z  INFO 7 --- [main] com.structurizr.server.Local             :  - structurizr.debug: false
2026-04-05T19:01:48.482Z  INFO 7 --- [main] com.structurizr.server.Local             :  - structurizr.editable: true
2026-04-05T19:01:48.482Z  INFO 7 --- [main] com.structurizr.server.Local             :  - structurizr.logging.filename: /usr/local/structurizr/.structurizr/logs/structurizr.log
2026-04-05T19:01:48.482Z  INFO 7 --- [main] com.structurizr.server.Local             :  - structurizr.network.timeout: 60000
2026-04-05T19:01:48.482Z  INFO 7 --- [main] com.structurizr.server.Local             :  - structurizr.network.urls.allowed: .*
2026-04-05T19:01:48.483Z  INFO 7 --- [main] com.structurizr.server.Local             :  - structurizr.search: lucene
2026-04-05T19:01:48.483Z  INFO 7 --- [main] com.structurizr.server.Local             :  - structurizr.themes: /usr/local/structurizr/themes/
2026-04-05T19:01:48.483Z  INFO 7 --- [main] com.structurizr.server.Local             :  - structurizr.workspace.maxsize: 1MB
2026-04-05T19:01:48.483Z  INFO 7 --- [main] com.structurizr.server.Local             :  - structurizr.workspace.threads: 10
2026-04-05T19:01:48.483Z  INFO 7 --- [main] com.structurizr.server.Local             :  - structurizr.workspaces: 1
2026-04-05T19:01:48.483Z  INFO 7 --- [main] com.structurizr.server.Local             : ***********************************************************************************
2026-04-05T19:01:48.483Z  INFO 7 --- [main] com.structurizr.server.Local             : Themes:
2026-04-05T19:01:48.484Z  INFO 7 --- [main] com.structurizr.server.Local             : ***********************************************************************************
2026-04-05T19:02:10.129Z  INFO 7 --- [SpringApplicationShutdownHook] com.structurizr.server.AbstractServer    : ********************************************************
2026-04-05T19:02:10.129Z  INFO 7 --- [SpringApplicationShutdownHook] com.structurizr.server.AbstractServer    :  Stopping Structurizr
2026-04-05T19:02:10.130Z  INFO 7 --- [SpringApplicationShutdownHook] com.structurizr.server.AbstractServer    : ********************************************************
2026-04-05T19:02:16.719Z  INFO 7 --- [main] com.structurizr.server.Local             : ***********************************************************************************
2026-04-05T19:02:16.720Z  INFO 7 --- [main] com.structurizr.server.Local             :   _____ _                   _              _          
2026-04-05T19:02:16.720Z  INFO 7 --- [main] com.structurizr.server.Local             :  / ____| |                 | |            (_)         
2026-04-05T19:02:16.720Z  INFO 7 --- [main] com.structurizr.server.Local             : | (___ | |_ _ __ _   _  ___| |_ _   _ _ __ _ _____ __ 
2026-04-05T19:02:16.720Z  INFO 7 --- [main] com.structurizr.server.Local             :  \___ \| __| '__| | | |/ __| __| | | | '__| |_  / '__|
2026-04-05T19:02:16.721Z  INFO 7 --- [main] com.structurizr.server.Local             :  ____) | |_| |  | |_| | (__| |_| |_| | |  | |/ /| |   
2026-04-05T19:02:16.721Z  INFO 7 --- [main] com.structurizr.server.Local             : |_____/ \__|_|   \__,_|\___|\__|\__,_|_|  |_/___|_|   
2026-04-05T19:02:16.721Z  INFO 7 --- [main] com.structurizr.server.Local             :                                                       
2026-04-05T19:02:16.722Z  INFO 7 --- [main] com.structurizr.server.Local             : v2026.03.06
2026-04-05T19:02:16.722Z  INFO 7 --- [main] com.structurizr.server.Local             : ***********************************************************************************
2026-04-05T19:02:16.722Z  INFO 7 --- [main] com.structurizr.server.Local             :  - structurizr.authentication: none
2026-04-05T19:02:16.722Z  INFO 7 --- [main] com.structurizr.server.Local             :  - structurizr.autorefreshinterval: 0
2026-04-05T19:02:16.723Z  INFO 7 --- [main] com.structurizr.server.Local             :  - structurizr.autosaveinterval: 5000
2026-04-05T19:02:16.723Z  INFO 7 --- [main] com.structurizr.server.Local             :  - structurizr.cache: none
2026-04-05T19:02:16.723Z  INFO 7 --- [main] com.structurizr.server.Local             :  - structurizr.data: file
2026-04-05T19:02:16.724Z  INFO 7 --- [main] com.structurizr.server.Local             :  - structurizr.datadirectory: /usr/local/structurizr
2026-04-05T19:02:16.724Z  INFO 7 --- [main] com.structurizr.server.Local             :  - structurizr.debug: false
2026-04-05T19:02:16.724Z  INFO 7 --- [main] com.structurizr.server.Local             :  - structurizr.editable: true
2026-04-05T19:02:16.724Z  INFO 7 --- [main] com.structurizr.server.Local             :  - structurizr.logging.filename: /usr/local/structurizr/.structurizr/logs/structurizr.log
2026-04-05T19:02:16.724Z  INFO 7 --- [main] com.structurizr.server.Local             :  - structurizr.network.timeout: 60000
2026-04-05T19:02:16.725Z  INFO 7 --- [main] com.structurizr.server.Local             :  - structurizr.network.urls.allowed: .*
2026-04-05T19:02:16.725Z  INFO 7 --- [main] com.structurizr.server.Local             :  - structurizr.search: lucene
2026-04-05T19:02:16.725Z  INFO 7 --- [main] com.structurizr.server.Local             :  - structurizr.themes: /usr/local/structurizr/themes/
2026-04-05T19:02:16.725Z  INFO 7 --- [main] com.structurizr.server.Local             :  - structurizr.workspace.maxsize: 1MB
2026-04-05T19:02:16.725Z  INFO 7 --- [main] com.structurizr.server.Local             :  - structurizr.workspace.threads: 10
2026-04-05T19:02:16.725Z  INFO 7 --- [main] com.structurizr.server.Local             :  - structurizr.workspaces: 1
2026-04-05T19:02:16.726Z  INFO 7 --- [main] com.structurizr.server.Local             : ***********************************************************************************
2026-04-05T19:02:16.726Z  INFO 7 --- [main] com.structurizr.server.Local             : Themes:
2026-04-05T19:02:16.726Z  INFO 7 --- [main] com.structurizr.server.Local             : ***********************************************************************************
2026-04-05T19:04:14.605Z  INFO 7 --- [SpringApplicationShutdownHook] com.structurizr.server.AbstractServer    : ********************************************************
2026-04-05T19:04:14.606Z  INFO 7 --- [SpringApplicationShutdownHook] com.structurizr.server.AbstractServer    :  Stopping Structurizr
2026-04-05T19:04:14.606Z  INFO 7 --- [SpringApplicationShutdownHook] com.structurizr.server.AbstractServer    : ********************************************************
